----------------------------------------------------------------------
Marvellous Process Log
Log file created at : Fri Jun 14 10:52:19 2024
----------------------------------------------------------------------
{'username': 'root', 'pid': 1, 'name': 'systemd'} 
{'username': 'root', 'pid': 2, 'name': 'kthreadd'} 
{'username': 'root', 'pid': 3, 'name': 'rcu_gp'} 
{'username': 'root', 'pid': 4, 'name': 'rcu_par_gp'} 
{'username': 'root', 'pid': 5, 'name': 'slub_flushwq'} 
{'username': 'root', 'pid': 6, 'name': 'netns'} 
{'username': 'root', 'pid': 8, 'name': 'kworker/0:0H-events_highpri'} 
{'username': 'root', 'pid': 11, 'name': 'mm_percpu_wq'} 
{'username': 'root', 'pid': 12, 'name': 'rcu_tasks_kthread'} 
{'username': 'root', 'pid': 13, 'name': 'rcu_tasks_rude_kthread'} 
{'username': 'root', 'pid': 14, 'name': 'rcu_tasks_trace_kthread'} 
{'username': 'root', 'pid': 15, 'name': 'ksoftirqd/0'} 
{'username': 'root', 'pid': 16, 'name': 'rcu_preempt'} 
{'username': 'root', 'pid': 17, 'name': 'migration/0'} 
{'username': 'root', 'pid': 18, 'name': 'idle_inject/0'} 
{'username': 'root', 'pid': 19, 'name': 'cpuhp/0'} 
{'username': 'root', 'pid': 20, 'name': 'cpuhp/1'} 
{'username': 'root', 'pid': 21, 'name': 'idle_inject/1'} 
{'username': 'root', 'pid': 22, 'name': 'migration/1'} 
{'username': 'root', 'pid': 23, 'name': 'ksoftirqd/1'} 
{'username': 'root', 'pid': 25, 'name': 'kworker/1:0H-events_highpri'} 
{'username': 'root', 'pid': 26, 'name': 'cpuhp/2'} 
{'username': 'root', 'pid': 27, 'name': 'idle_inject/2'} 
{'username': 'root', 'pid': 28, 'name': 'migration/2'} 
{'username': 'root', 'pid': 29, 'name': 'ksoftirqd/2'} 
{'username': 'root', 'pid': 31, 'name': 'kworker/2:0H-events_highpri'} 
{'username': 'root', 'pid': 32, 'name': 'cpuhp/3'} 
{'username': 'root', 'pid': 33, 'name': 'idle_inject/3'} 
{'username': 'root', 'pid': 34, 'name': 'migration/3'} 
{'username': 'root', 'pid': 35, 'name': 'ksoftirqd/3'} 
{'username': 'root', 'pid': 37, 'name': 'kworker/3:0H-events_highpri'} 
{'username': 'root', 'pid': 38, 'name': 'cpuhp/4'} 
{'username': 'root', 'pid': 39, 'name': 'idle_inject/4'} 
{'username': 'root', 'pid': 40, 'name': 'migration/4'} 
{'username': 'root', 'pid': 41, 'name': 'ksoftirqd/4'} 
{'username': 'root', 'pid': 43, 'name': 'kworker/4:0H-events_highpri'} 
{'username': 'root', 'pid': 44, 'name': 'cpuhp/5'} 
{'username': 'root', 'pid': 45, 'name': 'idle_inject/5'} 
{'username': 'root', 'pid': 46, 'name': 'migration/5'} 
{'username': 'root', 'pid': 47, 'name': 'ksoftirqd/5'} 
{'username': 'root', 'pid': 49, 'name': 'kworker/5:0H-events_highpri'} 
{'username': 'root', 'pid': 50, 'name': 'cpuhp/6'} 
{'username': 'root', 'pid': 51, 'name': 'idle_inject/6'} 
{'username': 'root', 'pid': 52, 'name': 'migration/6'} 
{'username': 'root', 'pid': 53, 'name': 'ksoftirqd/6'} 
{'username': 'root', 'pid': 55, 'name': 'kworker/6:0H-events_highpri'} 
{'username': 'root', 'pid': 56, 'name': 'cpuhp/7'} 
{'username': 'root', 'pid': 57, 'name': 'idle_inject/7'} 
{'username': 'root', 'pid': 58, 'name': 'migration/7'} 
{'username': 'root', 'pid': 59, 'name': 'ksoftirqd/7'} 
{'username': 'root', 'pid': 61, 'name': 'kworker/7:0H-events_highpri'} 
{'username': 'root', 'pid': 62, 'name': 'cpuhp/8'} 
{'username': 'root', 'pid': 63, 'name': 'idle_inject/8'} 
{'username': 'root', 'pid': 64, 'name': 'migration/8'} 
{'username': 'root', 'pid': 65, 'name': 'ksoftirqd/8'} 
{'username': 'root', 'pid': 67, 'name': 'kworker/8:0H-events_highpri'} 
{'username': 'root', 'pid': 68, 'name': 'cpuhp/9'} 
{'username': 'root', 'pid': 69, 'name': 'idle_inject/9'} 
{'username': 'root', 'pid': 70, 'name': 'migration/9'} 
{'username': 'root', 'pid': 71, 'name': 'ksoftirqd/9'} 
{'username': 'root', 'pid': 74, 'name': 'cpuhp/10'} 
{'username': 'root', 'pid': 75, 'name': 'idle_inject/10'} 
{'username': 'root', 'pid': 76, 'name': 'migration/10'} 
{'username': 'root', 'pid': 77, 'name': 'ksoftirqd/10'} 
{'username': 'root', 'pid': 79, 'name': 'kworker/10:0H-events_highpri'} 
{'username': 'root', 'pid': 80, 'name': 'cpuhp/11'} 
{'username': 'root', 'pid': 81, 'name': 'idle_inject/11'} 
{'username': 'root', 'pid': 82, 'name': 'migration/11'} 
{'username': 'root', 'pid': 83, 'name': 'ksoftirqd/11'} 
{'username': 'root', 'pid': 85, 'name': 'kworker/11:0H-events_highpri'} 
{'username': 'root', 'pid': 86, 'name': 'kdevtmpfs'} 
{'username': 'root', 'pid': 87, 'name': 'inet_frag_wq'} 
{'username': 'root', 'pid': 89, 'name': 'kauditd'} 
{'username': 'root', 'pid': 90, 'name': 'khungtaskd'} 
{'username': 'root', 'pid': 91, 'name': 'oom_reaper'} 
{'username': 'root', 'pid': 93, 'name': 'writeback'} 
{'username': 'root', 'pid': 94, 'name': 'kcompactd0'} 
{'username': 'root', 'pid': 95, 'name': 'ksmd'} 
{'username': 'root', 'pid': 96, 'name': 'khugepaged'} 
{'username': 'root', 'pid': 97, 'name': 'kintegrityd'} 
{'username': 'root', 'pid': 98, 'name': 'kblockd'} 
{'username': 'root', 'pid': 99, 'name': 'blkcg_punt_bio'} 
{'username': 'root', 'pid': 101, 'name': 'tpm_dev_wq'} 
{'username': 'root', 'pid': 103, 'name': 'ata_sff'} 
{'username': 'root', 'pid': 104, 'name': 'md'} 
{'username': 'root', 'pid': 105, 'name': 'md_bitmap'} 
{'username': 'root', 'pid': 106, 'name': 'edac-poller'} 
{'username': 'root', 'pid': 107, 'name': 'devfreq_wq'} 
{'username': 'root', 'pid': 108, 'name': 'watchdogd'} 
{'username': 'root', 'pid': 110, 'name': 'kworker/0:1H-kblockd'} 
{'username': 'root', 'pid': 111, 'name': 'kswapd0'} 
{'username': 'root', 'pid': 112, 'name': 'ecryptfs-kthread'} 
{'username': 'root', 'pid': 113, 'name': 'kthrotld'} 
{'username': 'root', 'pid': 114, 'name': 'irq/123-aerdrv'} 
{'username': 'root', 'pid': 115, 'name': 'irq/123-pcie-dpc'} 
{'username': 'root', 'pid': 116, 'name': 'acpi_thermal_pm'} 
{'username': 'root', 'pid': 118, 'name': 'hwrng'} 
{'username': 'root', 'pid': 120, 'name': 'mld'} 
{'username': 'root', 'pid': 121, 'name': 'kworker/6:1H-kblockd'} 
{'username': 'root', 'pid': 122, 'name': 'ipv6_addrconf'} 
{'username': 'root', 'pid': 130, 'name': 'kstrp'} 
{'username': 'root', 'pid': 131, 'name': 'kworker/1:1-events'} 
{'username': 'root', 'pid': 143, 'name': 'charger_manager'} 
{'username': 'root', 'pid': 162, 'name': 'kworker/3:1H-events_highpri'} 
{'username': 'root', 'pid': 166, 'name': 'kworker/5:1H-kblockd'} 
{'username': 'root', 'pid': 167, 'name': 'kworker/1:1H-kblockd'} 
{'username': 'root', 'pid': 180, 'name': 'kworker/11:1H-events_highpri'} 
{'username': 'root', 'pid': 182, 'name': 'kworker/2:1H-events_highpri'} 
{'username': 'root', 'pid': 183, 'name': 'kworker/4:1H-kblockd'} 
{'username': 'root', 'pid': 184, 'name': 'kworker/10:1H-events_highpri'} 
{'username': 'root', 'pid': 185, 'name': 'kworker/9:1H-events_highpri'} 
{'username': 'root', 'pid': 186, 'name': 'kworker/7:1H-kblockd'} 
{'username': 'root', 'pid': 187, 'name': 'kworker/8:1H-kblockd'} 
{'username': 'root', 'pid': 208, 'name': 'scsi_eh_0'} 
{'username': 'root', 'pid': 209, 'name': 'scsi_tmf_0'} 
{'username': 'root', 'pid': 210, 'name': 'scsi_eh_1'} 
{'username': 'root', 'pid': 211, 'name': 'scsi_tmf_1'} 
{'username': 'root', 'pid': 220, 'name': 'irq/51-DELL086F:00'} 
{'username': 'root', 'pid': 245, 'name': 'jbd2/sdb2-8'} 
{'username': 'root', 'pid': 246, 'name': 'ext4-rsv-conver'} 
{'username': 'root', 'pid': 285, 'name': 'systemd-journald'} 
{'username': 'root', 'pid': 316, 'name': 'systemd-udevd'} 
{'username': 'root', 'pid': 414, 'name': 'kmemstick'} 
{'username': 'root', 'pid': 427, 'name': 'cfg80211'} 
{'username': 'root', 'pid': 461, 'name': 'irq/128-iwlwifi:default_queue'} 
{'username': 'root', 'pid': 462, 'name': 'irq/129-iwlwifi:queue_1'} 
{'username': 'root', 'pid': 463, 'name': 'irq/130-iwlwifi:queue_2'} 
{'username': 'root', 'pid': 464, 'name': 'irq/131-iwlwifi:queue_3'} 
{'username': 'root', 'pid': 465, 'name': 'irq/132-iwlwifi:queue_4'} 
{'username': 'root', 'pid': 466, 'name': 'irq/133-iwlwifi:exception'} 
{'username': 'root', 'pid': 469, 'name': 'kworker/9:2H'} 
{'username': 'root', 'pid': 503, 'name': 'cryptd'} 
{'username': 'root', 'pid': 585, 'name': 'ttm'} 
{'username': 'root', 'pid': 603, 'name': 'card0-crtc0'} 
{'username': 'root', 'pid': 604, 'name': 'card0-crtc1'} 
{'username': 'root', 'pid': 605, 'name': 'card0-crtc2'} 
{'username': 'root', 'pid': 627, 'name': 'nvkm-disp'} 
{'username': 'systemd-oom', 'pid': 628, 'name': 'systemd-oomd'} 
{'username': 'systemd-resolve', 'pid': 629, 'name': 'systemd-resolved'} 
{'username': 'systemd-timesync', 'pid': 631, 'name': 'systemd-timesyncd'} 
{'username': 'root', 'pid': 668, 'name': 'ttm'} 
{'username': 'root', 'pid': 669, 'name': 'card1-crtc0'} 
{'username': 'root', 'pid': 670, 'name': 'card1-crtc1'} 
{'username': 'root', 'pid': 671, 'name': 'card1-crtc2'} 
{'username': 'root', 'pid': 672, 'name': 'card1-crtc3'} 
{'username': 'root', 'pid': 709, 'name': 'accounts-daemon'} 
{'username': 'root', 'pid': 712, 'name': 'acpid'} 
{'username': 'avahi', 'pid': 718, 'name': 'avahi-daemon'} 
{'username': 'root', 'pid': 720, 'name': 'bluetoothd'} 
{'username': 'root', 'pid': 722, 'name': 'cron'} 
{'username': 'messagebus', 'pid': 724, 'name': 'dbus-daemon'} 
{'username': 'root', 'pid': 725, 'name': 'NetworkManager'} 
{'username': 'root', 'pid': 730, 'name': 'irqbalance'} 
{'username': 'root', 'pid': 738, 'name': 'networkd-dispat'} 
{'username': 'root', 'pid': 741, 'name': 'polkitd'} 
{'username': 'root', 'pid': 744, 'name': 'power-profiles-daemon'} 
{'username': 'syslog', 'pid': 746, 'name': 'rsyslogd'} 
{'username': 'root', 'pid': 753, 'name': 'snapd'} 
{'username': 'root', 'pid': 755, 'name': 'switcheroo-control'} 
{'username': 'root', 'pid': 757, 'name': 'systemd-logind'} 
{'username': 'root', 'pid': 759, 'name': 'thermald'} 
{'username': 'root', 'pid': 760, 'name': 'udisksd'} 
{'username': 'root', 'pid': 761, 'name': 'wpa_supplicant'} 
{'username': 'avahi', 'pid': 774, 'name': 'avahi-daemon'} 
{'username': 'root', 'pid': 824, 'name': 'ModemManager'} 
{'username': 'root', 'pid': 830, 'name': 'cupsd'} 
{'username': 'root', 'pid': 859, 'name': 'unattended-upgr'} 
{'username': 'root', 'pid': 901, 'name': 'upowerd'} 
{'username': 'root', 'pid': 1141, 'name': 'cups-browsed'} 
{'username': 'mongodb', 'pid': 1143, 'name': 'mongod'} 
{'username': 'kernoops', 'pid': 1145, 'name': 'kerneloops'} 
{'username': 'kernoops', 'pid': 1147, 'name': 'kerneloops'} 
{'username': 'root', 'pid': 1197, 'name': 'gdm3'} 
{'username': 'rtkit', 'pid': 1231, 'name': 'rtkit-daemon'} 
{'username': 'root', 'pid': 1415, 'name': 'packagekitd'} 
{'username': 'colord', 'pid': 1575, 'name': 'colord'} 
{'username': 'root', 'pid': 1677, 'name': 'gdm-session-worker'} 
{'username': 'arjun', 'pid': 1689, 'name': 'systemd'} 
{'username': 'arjun', 'pid': 1690, 'name': '(sd-pam)'} 
{'username': 'arjun', 'pid': 1696, 'name': 'pipewire'} 
{'username': 'arjun', 'pid': 1697, 'name': 'pipewire-media-session'} 
{'username': 'arjun', 'pid': 1698, 'name': 'pulseaudio'} 
{'username': 'arjun', 'pid': 1714, 'name': 'dbus-daemon'} 
{'username': 'arjun', 'pid': 1716, 'name': 'gnome-keyring-daemon'} 
{'username': 'arjun', 'pid': 1720, 'name': 'gvfsd'} 
{'username': 'arjun', 'pid': 1735, 'name': 'gvfsd-fuse'} 
{'username': 'arjun', 'pid': 1737, 'name': 'xdg-document-portal'} 
{'username': 'arjun', 'pid': 1746, 'name': 'xdg-permission-store'} 
{'username': 'arjun', 'pid': 1753, 'name': 'fusermount3'} 
{'username': 'arjun', 'pid': 1765, 'name': 'tracker-miner-fs-3'} 
{'username': 'arjun', 'pid': 1767, 'name': 'gdm-wayland-session'} 
{'username': 'arjun', 'pid': 1771, 'name': 'gnome-session-binary'} 
{'username': 'arjun', 'pid': 1817, 'name': 'gnome-session-ctl'} 
{'username': 'arjun', 'pid': 1829, 'name': 'gnome-session-binary'} 
{'username': 'arjun', 'pid': 1843, 'name': 'at-spi-bus-launcher'} 
{'username': 'arjun', 'pid': 1849, 'name': 'dbus-daemon'} 
{'username': 'arjun', 'pid': 1853, 'name': 'gnome-shell'} 
{'username': 'arjun', 'pid': 1869, 'name': 'gvfs-udisks2-volume-monitor'} 
{'username': 'arjun', 'pid': 1875, 'name': 'gvfs-gphoto2-volume-monitor'} 
{'username': 'arjun', 'pid': 1879, 'name': 'gvfs-goa-volume-monitor'} 
{'username': 'arjun', 'pid': 1883, 'name': 'goa-daemon'} 
{'username': 'arjun', 'pid': 1894, 'name': 'goa-identity-service'} 
{'username': 'arjun', 'pid': 1896, 'name': 'gvfs-mtp-volume-monitor'} 
{'username': 'arjun', 'pid': 1904, 'name': 'gvfs-afc-volume-monitor'} 
{'username': 'root', 'pid': 1932, 'name': 'krfcommd'} 
{'username': 'arjun', 'pid': 1962, 'name': 'snapd-desktop-integration'} 
{'username': 'arjun', 'pid': 2018, 'name': 'gnome-shell-calendar-server'} 
{'username': 'arjun', 'pid': 2028, 'name': 'evolution-source-registry'} 
{'username': 'arjun', 'pid': 2029, 'name': 'snapd-desktop-integration'} 
{'username': 'arjun', 'pid': 2052, 'name': 'evolution-calendar-factory'} 
{'username': 'arjun', 'pid': 2060, 'name': 'dconf-service'} 
{'username': 'arjun', 'pid': 2064, 'name': 'evolution-addressbook-factory'} 
{'username': 'arjun', 'pid': 2077, 'name': 'gvfsd-trash'} 
{'username': 'arjun', 'pid': 2094, 'name': 'gjs'} 
{'username': 'arjun', 'pid': 2096, 'name': 'at-spi2-registryd'} 
{'username': 'arjun', 'pid': 2112, 'name': 'sh'} 
{'username': 'arjun', 'pid': 2113, 'name': 'gsd-a11y-settings'} 
{'username': 'arjun', 'pid': 2115, 'name': 'ibus-daemon'} 
{'username': 'arjun', 'pid': 2116, 'name': 'gsd-color'} 
{'username': 'arjun', 'pid': 2119, 'name': 'gsd-datetime'} 
{'username': 'arjun', 'pid': 2121, 'name': 'gsd-housekeeping'} 
{'username': 'arjun', 'pid': 2126, 'name': 'gsd-keyboard'} 
{'username': 'arjun', 'pid': 2129, 'name': 'gsd-media-keys'} 
{'username': 'arjun', 'pid': 2131, 'name': 'gsd-power'} 
{'username': 'arjun', 'pid': 2133, 'name': 'gsd-print-notifications'} 
{'username': 'arjun', 'pid': 2135, 'name': 'gsd-rfkill'} 
{'username': 'arjun', 'pid': 2136, 'name': 'gsd-screensaver-proxy'} 
{'username': 'arjun', 'pid': 2137, 'name': 'gsd-sharing'} 
{'username': 'arjun', 'pid': 2140, 'name': 'gsd-smartcard'} 
{'username': 'arjun', 'pid': 2142, 'name': 'gsd-sound'} 
{'username': 'arjun', 'pid': 2143, 'name': 'gsd-wacom'} 
{'username': 'arjun', 'pid': 2205, 'name': 'evolution-alarm-notify'} 
{'username': 'arjun', 'pid': 2210, 'name': 'gsd-disk-utility-notify'} 
{'username': 'arjun', 'pid': 2240, 'name': 'ibus-dconf'} 
{'username': 'arjun', 'pid': 2241, 'name': 'ibus-extension-gtk3'} 
{'username': 'arjun', 'pid': 2246, 'name': 'ibus-portal'} 
{'username': 'arjun', 'pid': 2250, 'name': 'gsd-printer'} 
{'username': 'arjun', 'pid': 2259, 'name': 'snap-store'} 
{'username': 'arjun', 'pid': 2309, 'name': 'ibus-engine-simple'} 
{'username': 'arjun', 'pid': 2331, 'name': 'xdg-desktop-portal'} 
{'username': 'arjun', 'pid': 2336, 'name': 'xdg-desktop-portal-gnome'} 
{'username': 'arjun', 'pid': 2382, 'name': 'gjs'} 
{'username': 'arjun', 'pid': 2457, 'name': 'xdg-desktop-portal-gtk'} 
{'username': 'arjun', 'pid': 2519, 'name': 'gvfsd-metadata'} 
{'username': 'arjun', 'pid': 2594, 'name': 'Xwayland'} 
{'username': 'arjun', 'pid': 2621, 'name': 'gsd-xsettings'} 
{'username': 'arjun', 'pid': 2655, 'name': 'ibus-x11'} 
{'username': 'arjun', 'pid': 2996, 'name': 'update-notifier'} 
{'username': 'arjun', 'pid': 3217, 'name': 'gnome-terminal'} 
{'username': 'arjun', 'pid': 3220, 'name': 'gnome-terminal.real'} 
{'username': 'arjun', 'pid': 3225, 'name': 'gnome-terminal-server'} 
{'username': 'arjun', 'pid': 3251, 'name': 'bash'} 
{'username': 'arjun', 'pid': 3321, 'name': 'gvfsd-network'} 
{'username': 'arjun', 'pid': 3337, 'name': 'gvfsd-dnssd'} 
{'username': 'arjun', 'pid': 4996, 'name': 'snap'} 
{'username': 'root', 'pid': 7833, 'name': 'uas'} 
{'username': 'arjun', 'pid': 7979, 'name': 'nautilus'} 
{'username': 'arjun', 'pid': 8133, 'name': 'obexd'} 
{'username': 'root', 'pid': 9785, 'name': 'kworker/2:3-events'} 
{'username': 'root', 'pid': 9994, 'name': 'scsi_eh_2'} 
{'username': 'root', 'pid': 9995, 'name': 'scsi_tmf_2'} 
{'username': 'root', 'pid': 9996, 'name': 'usb-storage'} 
{'username': 'root', 'pid': 10731, 'name': 'kworker/5:1-events'} 
{'username': 'root', 'pid': 10792, 'name': 'irq/127-mei_me'} 
{'username': 'arjun', 'pid': 11161, 'name': 'chrome'} 
{'username': 'arjun', 'pid': 11167, 'name': 'cat'} 
{'username': 'arjun', 'pid': 11168, 'name': 'cat'} 
{'username': 'arjun', 'pid': 11170, 'name': 'chrome_crashpad_handler'} 
{'username': 'arjun', 'pid': 11172, 'name': 'chrome_crashpad_handler'} 
{'username': 'arjun', 'pid': 11178, 'name': 'chrome'} 
{'username': 'arjun', 'pid': 11179, 'name': 'chrome'} 
{'username': 'arjun', 'pid': 11181, 'name': 'chrome'} 
{'username': 'arjun', 'pid': 11206, 'name': 'chrome'} 
{'username': 'arjun', 'pid': 11207, 'name': 'chrome'} 
{'username': 'arjun', 'pid': 11217, 'name': 'chrome'} 
{'username': 'arjun', 'pid': 11368, 'name': 'chrome'} 
{'username': 'arjun', 'pid': 11778, 'name': 'chrome'} 
{'username': 'root', 'pid': 12810, 'name': 'kworker/u25:1-i915_flip'} 
{'username': 'root', 'pid': 13298, 'name': 'kworker/7:2-events'} 
{'username': 'root', 'pid': 14881, 'name': 'kworker/9:0-events'} 
{'username': 'root', 'pid': 14904, 'name': 'kworker/6:3'} 
{'username': 'root', 'pid': 15073, 'name': 'kworker/6:1-mm_percpu_wq'} 
{'username': 'root', 'pid': 15090, 'name': 'kworker/4:2-events'} 
{'username': 'arjun', 'pid': 15092, 'name': 'code'} 
{'username': 'arjun', 'pid': 15097, 'name': 'code'} 
{'username': 'arjun', 'pid': 15098, 'name': 'code'} 
{'username': 'arjun', 'pid': 15100, 'name': 'code'} 
{'username': 'arjun', 'pid': 15114, 'name': 'chrome_crashpad_handler'} 
{'username': 'arjun', 'pid': 15130, 'name': 'code'} 
{'username': 'arjun', 'pid': 15136, 'name': 'code'} 
{'username': 'arjun', 'pid': 15149, 'name': 'code'} 
{'username': 'root', 'pid': 15200, 'name': 'kworker/0:0-events'} 
{'username': 'arjun', 'pid': 15242, 'name': 'code'} 
{'username': 'arjun', 'pid': 15254, 'name': 'code'} 
{'username': 'arjun', 'pid': 15255, 'name': 'code'} 
{'username': 'arjun', 'pid': 15350, 'name': 'vlc'} 
{'username': 'root', 'pid': 15401, 'name': 'kworker/11:3-events'} 
{'username': 'root', 'pid': 15495, 'name': 'kworker/1:0-i915-unordered'} 
{'username': 'root', 'pid': 15506, 'name': 'kworker/7:1-events'} 
{'username': 'root', 'pid': 15546, 'name': 'kworker/3:0-i915-unordered'} 
{'username': 'root', 'pid': 15549, 'name': 'kworker/8:2-events'} 
{'username': 'root', 'pid': 15556, 'name': 'kworker/5:2-events'} 
{'username': 'arjun', 'pid': 15574, 'name': 'gjs'} 
{'username': 'root', 'pid': 15671, 'name': 'kworker/u24:0-events_power_efficient'} 
{'username': 'root', 'pid': 15710, 'name': 'kworker/0:2-cgroup_destroy'} 
{'username': 'root', 'pid': 15819, 'name': 'kworker/3:1-i915-unordered'} 
{'username': 'root', 'pid': 15833, 'name': 'kworker/4:1-cgroup_destroy'} 
{'username': 'root', 'pid': 16205, 'name': 'kworker/10:2-cgroup_destroy'} 
{'username': 'root', 'pid': 16232, 'name': 'kworker/u24:2-ext4-rsv-conversion'} 
{'username': 'arjun', 'pid': 16489, 'name': 'chrome'} 
{'username': 'arjun', 'pid': 16517, 'name': 'chrome'} 
{'username': 'root', 'pid': 16584, 'name': 'kworker/8:0-mm_percpu_wq'} 
{'username': 'root', 'pid': 16649, 'name': 'kworker/2:0'} 
{'username': 'arjun', 'pid': 16652, 'name': 'chrome'} 
{'username': 'root', 'pid': 16687, 'name': 'kworker/u24:4-events_unbound'} 
{'username': 'root', 'pid': 16851, 'name': 'kworker/10:1-mm_percpu_wq'} 
{'username': 'root', 'pid': 16860, 'name': 'kworker/u25:2-rb_allocator'} 
{'username': 'root', 'pid': 16861, 'name': 'kworker/11:1-events'} 
{'username': 'root', 'pid': 16866, 'name': 'kworker/9:2-mm_percpu_wq'} 
{'username': 'root', 'pid': 16913, 'name': 'kworker/3:2-i915-unordered'} 
{'username': 'root', 'pid': 16987, 'name': 'kworker/11:0-events'} 
{'username': 'root', 'pid': 16989, 'name': 'kworker/u25:0'} 
{'username': 'arjun', 'pid': 16994, 'name': 'tracker-extract-3'} 
{'username': 'root', 'pid': 17000, 'name': 'kworker/u24:1'} 
{'username': 'arjun', 'pid': 17001, 'name': 'python3'} 
----------------------------------------------------------------------
