----------------------------------------------------------------------
Marvellous Process Log
Log file created at : Fri Jun 14 11:39:57 2024
----------------------------------------------------------------------
{'name': 'systemd', 'username': 'root', 'pid': 1, 'vms': 162.9140625} 
{'name': 'kthreadd', 'username': 'root', 'pid': 2, 'vms': 0.0} 
{'name': 'rcu_gp', 'username': 'root', 'pid': 3, 'vms': 0.0} 
{'name': 'rcu_par_gp', 'username': 'root', 'pid': 4, 'vms': 0.0} 
{'name': 'slub_flushwq', 'username': 'root', 'pid': 5, 'vms': 0.0} 
{'name': 'netns', 'username': 'root', 'pid': 6, 'vms': 0.0} 
{'name': 'kworker/0:0H-events_highpri', 'username': 'root', 'pid': 8, 'vms': 0.0} 
{'name': 'mm_percpu_wq', 'username': 'root', 'pid': 11, 'vms': 0.0} 
{'name': 'rcu_tasks_kthread', 'username': 'root', 'pid': 12, 'vms': 0.0} 
{'name': 'rcu_tasks_rude_kthread', 'username': 'root', 'pid': 13, 'vms': 0.0} 
{'name': 'rcu_tasks_trace_kthread', 'username': 'root', 'pid': 14, 'vms': 0.0} 
{'name': 'ksoftirqd/0', 'username': 'root', 'pid': 15, 'vms': 0.0} 
{'name': 'rcu_preempt', 'username': 'root', 'pid': 16, 'vms': 0.0} 
{'name': 'migration/0', 'username': 'root', 'pid': 17, 'vms': 0.0} 
{'name': 'idle_inject/0', 'username': 'root', 'pid': 18, 'vms': 0.0} 
{'name': 'cpuhp/0', 'username': 'root', 'pid': 19, 'vms': 0.0} 
{'name': 'cpuhp/1', 'username': 'root', 'pid': 20, 'vms': 0.0} 
{'name': 'idle_inject/1', 'username': 'root', 'pid': 21, 'vms': 0.0} 
{'name': 'migration/1', 'username': 'root', 'pid': 22, 'vms': 0.0} 
{'name': 'ksoftirqd/1', 'username': 'root', 'pid': 23, 'vms': 0.0} 
{'name': 'kworker/1:0H-events_highpri', 'username': 'root', 'pid': 25, 'vms': 0.0} 
{'name': 'cpuhp/2', 'username': 'root', 'pid': 26, 'vms': 0.0} 
{'name': 'idle_inject/2', 'username': 'root', 'pid': 27, 'vms': 0.0} 
{'name': 'migration/2', 'username': 'root', 'pid': 28, 'vms': 0.0} 
{'name': 'ksoftirqd/2', 'username': 'root', 'pid': 29, 'vms': 0.0} 
{'name': 'kworker/2:0H-events_highpri', 'username': 'root', 'pid': 31, 'vms': 0.0} 
{'name': 'cpuhp/3', 'username': 'root', 'pid': 32, 'vms': 0.0} 
{'name': 'idle_inject/3', 'username': 'root', 'pid': 33, 'vms': 0.0} 
{'name': 'migration/3', 'username': 'root', 'pid': 34, 'vms': 0.0} 
{'name': 'ksoftirqd/3', 'username': 'root', 'pid': 35, 'vms': 0.0} 
{'name': 'kworker/3:0H-events_highpri', 'username': 'root', 'pid': 37, 'vms': 0.0} 
{'name': 'cpuhp/4', 'username': 'root', 'pid': 38, 'vms': 0.0} 
{'name': 'idle_inject/4', 'username': 'root', 'pid': 39, 'vms': 0.0} 
{'name': 'migration/4', 'username': 'root', 'pid': 40, 'vms': 0.0} 
{'name': 'ksoftirqd/4', 'username': 'root', 'pid': 41, 'vms': 0.0} 
{'name': 'kworker/4:0H-events_highpri', 'username': 'root', 'pid': 43, 'vms': 0.0} 
{'name': 'cpuhp/5', 'username': 'root', 'pid': 44, 'vms': 0.0} 
{'name': 'idle_inject/5', 'username': 'root', 'pid': 45, 'vms': 0.0} 
{'name': 'migration/5', 'username': 'root', 'pid': 46, 'vms': 0.0} 
{'name': 'ksoftirqd/5', 'username': 'root', 'pid': 47, 'vms': 0.0} 
{'name': 'kworker/5:0H-events_highpri', 'username': 'root', 'pid': 49, 'vms': 0.0} 
{'name': 'cpuhp/6', 'username': 'root', 'pid': 50, 'vms': 0.0} 
{'name': 'idle_inject/6', 'username': 'root', 'pid': 51, 'vms': 0.0} 
{'name': 'migration/6', 'username': 'root', 'pid': 52, 'vms': 0.0} 
{'name': 'ksoftirqd/6', 'username': 'root', 'pid': 53, 'vms': 0.0} 
{'name': 'kworker/6:0H-events_highpri', 'username': 'root', 'pid': 55, 'vms': 0.0} 
{'name': 'cpuhp/7', 'username': 'root', 'pid': 56, 'vms': 0.0} 
{'name': 'idle_inject/7', 'username': 'root', 'pid': 57, 'vms': 0.0} 
{'name': 'migration/7', 'username': 'root', 'pid': 58, 'vms': 0.0} 
{'name': 'ksoftirqd/7', 'username': 'root', 'pid': 59, 'vms': 0.0} 
{'name': 'kworker/7:0H-events_highpri', 'username': 'root', 'pid': 61, 'vms': 0.0} 
{'name': 'cpuhp/8', 'username': 'root', 'pid': 62, 'vms': 0.0} 
{'name': 'idle_inject/8', 'username': 'root', 'pid': 63, 'vms': 0.0} 
{'name': 'migration/8', 'username': 'root', 'pid': 64, 'vms': 0.0} 
{'name': 'ksoftirqd/8', 'username': 'root', 'pid': 65, 'vms': 0.0} 
{'name': 'kworker/8:0H-events_highpri', 'username': 'root', 'pid': 67, 'vms': 0.0} 
{'name': 'cpuhp/9', 'username': 'root', 'pid': 68, 'vms': 0.0} 
{'name': 'idle_inject/9', 'username': 'root', 'pid': 69, 'vms': 0.0} 
{'name': 'migration/9', 'username': 'root', 'pid': 70, 'vms': 0.0} 
{'name': 'ksoftirqd/9', 'username': 'root', 'pid': 71, 'vms': 0.0} 
{'name': 'cpuhp/10', 'username': 'root', 'pid': 74, 'vms': 0.0} 
{'name': 'idle_inject/10', 'username': 'root', 'pid': 75, 'vms': 0.0} 
{'name': 'migration/10', 'username': 'root', 'pid': 76, 'vms': 0.0} 
{'name': 'ksoftirqd/10', 'username': 'root', 'pid': 77, 'vms': 0.0} 
{'name': 'kworker/10:0H-events_highpri', 'username': 'root', 'pid': 79, 'vms': 0.0} 
{'name': 'cpuhp/11', 'username': 'root', 'pid': 80, 'vms': 0.0} 
{'name': 'idle_inject/11', 'username': 'root', 'pid': 81, 'vms': 0.0} 
{'name': 'migration/11', 'username': 'root', 'pid': 82, 'vms': 0.0} 
{'name': 'ksoftirqd/11', 'username': 'root', 'pid': 83, 'vms': 0.0} 
{'name': 'kworker/11:0H-events_highpri', 'username': 'root', 'pid': 85, 'vms': 0.0} 
{'name': 'kdevtmpfs', 'username': 'root', 'pid': 86, 'vms': 0.0} 
{'name': 'inet_frag_wq', 'username': 'root', 'pid': 87, 'vms': 0.0} 
{'name': 'kauditd', 'username': 'root', 'pid': 89, 'vms': 0.0} 
{'name': 'khungtaskd', 'username': 'root', 'pid': 90, 'vms': 0.0} 
{'name': 'oom_reaper', 'username': 'root', 'pid': 91, 'vms': 0.0} 
{'name': 'writeback', 'username': 'root', 'pid': 93, 'vms': 0.0} 
{'name': 'kcompactd0', 'username': 'root', 'pid': 94, 'vms': 0.0} 
{'name': 'ksmd', 'username': 'root', 'pid': 95, 'vms': 0.0} 
{'name': 'khugepaged', 'username': 'root', 'pid': 96, 'vms': 0.0} 
{'name': 'kintegrityd', 'username': 'root', 'pid': 97, 'vms': 0.0} 
{'name': 'kblockd', 'username': 'root', 'pid': 98, 'vms': 0.0} 
{'name': 'blkcg_punt_bio', 'username': 'root', 'pid': 99, 'vms': 0.0} 
{'name': 'tpm_dev_wq', 'username': 'root', 'pid': 101, 'vms': 0.0} 
{'name': 'ata_sff', 'username': 'root', 'pid': 103, 'vms': 0.0} 
{'name': 'md', 'username': 'root', 'pid': 104, 'vms': 0.0} 
{'name': 'md_bitmap', 'username': 'root', 'pid': 105, 'vms': 0.0} 
{'name': 'edac-poller', 'username': 'root', 'pid': 106, 'vms': 0.0} 
{'name': 'devfreq_wq', 'username': 'root', 'pid': 107, 'vms': 0.0} 
{'name': 'watchdogd', 'username': 'root', 'pid': 108, 'vms': 0.0} 
{'name': 'kworker/0:1H-kblockd', 'username': 'root', 'pid': 110, 'vms': 0.0} 
{'name': 'kswapd0', 'username': 'root', 'pid': 111, 'vms': 0.0} 
{'name': 'ecryptfs-kthread', 'username': 'root', 'pid': 112, 'vms': 0.0} 
{'name': 'kthrotld', 'username': 'root', 'pid': 113, 'vms': 0.0} 
{'name': 'irq/123-aerdrv', 'username': 'root', 'pid': 114, 'vms': 0.0} 
{'name': 'irq/123-pcie-dpc', 'username': 'root', 'pid': 115, 'vms': 0.0} 
{'name': 'acpi_thermal_pm', 'username': 'root', 'pid': 116, 'vms': 0.0} 
{'name': 'hwrng', 'username': 'root', 'pid': 118, 'vms': 0.0} 
{'name': 'mld', 'username': 'root', 'pid': 120, 'vms': 0.0} 
{'name': 'kworker/6:1H-kblockd', 'username': 'root', 'pid': 121, 'vms': 0.0} 
{'name': 'ipv6_addrconf', 'username': 'root', 'pid': 122, 'vms': 0.0} 
{'name': 'kstrp', 'username': 'root', 'pid': 130, 'vms': 0.0} 
{'name': 'kworker/1:1-events', 'username': 'root', 'pid': 131, 'vms': 0.0} 
{'name': 'charger_manager', 'username': 'root', 'pid': 143, 'vms': 0.0} 
{'name': 'kworker/3:1H-kblockd', 'username': 'root', 'pid': 162, 'vms': 0.0} 
{'name': 'kworker/5:1H-events_highpri', 'username': 'root', 'pid': 166, 'vms': 0.0} 
{'name': 'kworker/1:1H-events_highpri', 'username': 'root', 'pid': 167, 'vms': 0.0} 
{'name': 'kworker/11:1H-kblockd', 'username': 'root', 'pid': 180, 'vms': 0.0} 
{'name': 'kworker/2:1H-kblockd', 'username': 'root', 'pid': 182, 'vms': 0.0} 
{'name': 'kworker/4:1H-events_highpri', 'username': 'root', 'pid': 183, 'vms': 0.0} 
{'name': 'kworker/10:1H-kblockd', 'username': 'root', 'pid': 184, 'vms': 0.0} 
{'name': 'kworker/9:1H-kblockd', 'username': 'root', 'pid': 185, 'vms': 0.0} 
{'name': 'kworker/7:1H-kblockd', 'username': 'root', 'pid': 186, 'vms': 0.0} 
{'name': 'kworker/8:1H-kblockd', 'username': 'root', 'pid': 187, 'vms': 0.0} 
{'name': 'scsi_eh_0', 'username': 'root', 'pid': 208, 'vms': 0.0} 
{'name': 'scsi_tmf_0', 'username': 'root', 'pid': 209, 'vms': 0.0} 
{'name': 'scsi_eh_1', 'username': 'root', 'pid': 210, 'vms': 0.0} 
{'name': 'scsi_tmf_1', 'username': 'root', 'pid': 211, 'vms': 0.0} 
{'name': 'irq/51-DELL086F:00', 'username': 'root', 'pid': 220, 'vms': 0.0} 
{'name': 'jbd2/sdb2-8', 'username': 'root', 'pid': 245, 'vms': 0.0} 
{'name': 'ext4-rsv-conver', 'username': 'root', 'pid': 246, 'vms': 0.0} 
{'name': 'systemd-journald', 'username': 'root', 'pid': 285, 'vms': 175.84765625} 
{'name': 'systemd-udevd', 'username': 'root', 'pid': 316, 'vms': 26.421875} 
{'name': 'kmemstick', 'username': 'root', 'pid': 414, 'vms': 0.0} 
{'name': 'cfg80211', 'username': 'root', 'pid': 427, 'vms': 0.0} 
{'name': 'irq/128-iwlwifi:default_queue', 'username': 'root', 'pid': 461, 'vms': 0.0} 
{'name': 'irq/129-iwlwifi:queue_1', 'username': 'root', 'pid': 462, 'vms': 0.0} 
{'name': 'irq/130-iwlwifi:queue_2', 'username': 'root', 'pid': 463, 'vms': 0.0} 
{'name': 'irq/131-iwlwifi:queue_3', 'username': 'root', 'pid': 464, 'vms': 0.0} 
{'name': 'irq/132-iwlwifi:queue_4', 'username': 'root', 'pid': 465, 'vms': 0.0} 
{'name': 'irq/133-iwlwifi:exception', 'username': 'root', 'pid': 466, 'vms': 0.0} 
{'name': 'kworker/9:2H', 'username': 'root', 'pid': 469, 'vms': 0.0} 
{'name': 'cryptd', 'username': 'root', 'pid': 503, 'vms': 0.0} 
{'name': 'ttm', 'username': 'root', 'pid': 585, 'vms': 0.0} 
{'name': 'card0-crtc0', 'username': 'root', 'pid': 603, 'vms': 0.0} 
{'name': 'card0-crtc1', 'username': 'root', 'pid': 604, 'vms': 0.0} 
{'name': 'card0-crtc2', 'username': 'root', 'pid': 605, 'vms': 0.0} 
{'name': 'nvkm-disp', 'username': 'root', 'pid': 627, 'vms': 0.0} 
{'name': 'systemd-oomd', 'username': 'systemd-oom', 'pid': 628, 'vms': 14.484375} 
{'name': 'systemd-resolved', 'username': 'systemd-resolve', 'pid': 629, 'vms': 26.09765625} 
{'name': 'systemd-timesyncd', 'username': 'systemd-timesync', 'pid': 631, 'vms': 87.2890625} 
{'name': 'ttm', 'username': 'root', 'pid': 668, 'vms': 0.0} 
{'name': 'card1-crtc0', 'username': 'root', 'pid': 669, 'vms': 0.0} 
{'name': 'card1-crtc1', 'username': 'root', 'pid': 670, 'vms': 0.0} 
{'name': 'card1-crtc2', 'username': 'root', 'pid': 671, 'vms': 0.0} 
{'name': 'card1-crtc3', 'username': 'root', 'pid': 672, 'vms': 0.0} 
{'name': 'accounts-daemon', 'username': 'root', 'pid': 709, 'vms': 234.87890625} 
{'name': 'acpid', 'username': 'root', 'pid': 712, 'vms': 2.75} 
{'name': 'avahi-daemon', 'username': 'avahi', 'pid': 718, 'vms': 7.53125} 
{'name': 'bluetoothd', 'username': 'root', 'pid': 720, 'vms': 10.48828125} 
{'name': 'cron', 'username': 'root', 'pid': 722, 'vms': 9.2734375} 
{'name': 'dbus-daemon', 'username': 'messagebus', 'pid': 724, 'vms': 10.88671875} 
{'name': 'NetworkManager', 'username': 'root', 'pid': 725, 'vms': 255.31640625} 
{'name': 'irqbalance', 'username': 'root', 'pid': 730, 'vms': 80.8359375} 
{'name': 'networkd-dispat', 'username': 'root', 'pid': 738, 'vms': 40.09375} 
{'name': 'polkitd', 'username': 'root', 'pid': 741, 'vms': 237.34765625} 
{'name': 'power-profiles-daemon', 'username': 'root', 'pid': 744, 'vms': 234.4609375} 
{'name': 'rsyslogd', 'username': 'syslog', 'pid': 746, 'vms': 217.21484375} 
{'name': 'snapd', 'username': 'root', 'pid': 753, 'vms': 2011.37890625} 
{'name': 'switcheroo-control', 'username': 'root', 'pid': 755, 'vms': 230.94140625} 
{'name': 'systemd-logind', 'username': 'root', 'pid': 757, 'vms': 47.1640625} 
{'name': 'thermald', 'username': 'root', 'pid': 759, 'vms': 269.75} 
{'name': 'udisksd', 'username': 'root', 'pid': 760, 'vms': 384.3125} 
{'name': 'wpa_supplicant', 'username': 'root', 'pid': 761, 'vms': 17.41796875} 
{'name': 'avahi-daemon', 'username': 'avahi', 'pid': 774, 'vms': 7.26953125} 
{'name': 'ModemManager', 'username': 'root', 'pid': 824, 'vms': 310.609375} 
{'name': 'cupsd', 'username': 'root', 'pid': 830, 'vms': 71.30078125} 
{'name': 'unattended-upgr', 'username': 'root', 'pid': 859, 'vms': 115.37890625} 
{'name': 'upowerd', 'username': 'root', 'pid': 901, 'vms': 237.02734375} 
{'name': 'cups-browsed', 'username': 'root', 'pid': 1141, 'vms': 168.58203125} 
{'name': 'mongod', 'username': 'mongodb', 'pid': 1143, 'vms': 2586.5} 
{'name': 'kerneloops', 'username': 'kernoops', 'pid': 1145, 'vms': 12.78125} 
{'name': 'kerneloops', 'username': 'kernoops', 'pid': 1147, 'vms': 12.78125} 
{'name': 'gdm3', 'username': 'root', 'pid': 1197, 'vms': 235.56640625} 
{'name': 'rtkit-daemon', 'username': 'rtkit', 'pid': 1231, 'vms': 150.39453125} 
{'name': 'packagekitd', 'username': 'root', 'pid': 1415, 'vms': 364.33203125} 
{'name': 'colord', 'username': 'colord', 'pid': 1575, 'vms': 239.69140625} 
{'name': 'gdm-session-worker', 'username': 'root', 'pid': 1677, 'vms': 310.72265625} 
{'name': 'systemd', 'username': 'arjun', 'pid': 1689, 'vms': 17.73046875} 
{'name': '(sd-pam)', 'username': 'arjun', 'pid': 1690, 'vms': 166.24609375} 
{'name': 'pipewire', 'username': 'arjun', 'pid': 1696, 'vms': 38.9375} 
{'name': 'pipewire-media-session', 'username': 'arjun', 'pid': 1697, 'vms': 23.0625} 
{'name': 'pulseaudio', 'username': 'arjun', 'pid': 1698, 'vms': 2487.2578125} 
{'name': 'dbus-daemon', 'username': 'arjun', 'pid': 1714, 'vms': 10.15234375} 
{'name': 'gnome-keyring-daemon', 'username': 'arjun', 'pid': 1716, 'vms': 235.2421875} 
{'name': 'gvfsd', 'username': 'arjun', 'pid': 1720, 'vms': 235.0} 
{'name': 'gvfsd-fuse', 'username': 'arjun', 'pid': 1735, 'vms': 371.96484375} 
{'name': 'xdg-document-portal', 'username': 'arjun', 'pid': 1737, 'vms': 668.33203125} 
{'name': 'xdg-permission-store', 'username': 'arjun', 'pid': 1746, 'vms': 230.61328125} 
{'name': 'fusermount3', 'username': 'arjun', 'pid': 1753, 'vms': 2.73046875} 
{'name': 'tracker-miner-fs-3', 'username': 'arjun', 'pid': 1765, 'vms': 720.4296875} 
{'name': 'gdm-wayland-session', 'username': 'arjun', 'pid': 1767, 'vms': 158.58203125} 
{'name': 'gnome-session-binary', 'username': 'arjun', 'pid': 1771, 'vms': 217.81640625} 
{'name': 'gnome-session-ctl', 'username': 'arjun', 'pid': 1817, 'vms': 89.75390625} 
{'name': 'gnome-session-binary', 'username': 'arjun', 'pid': 1829, 'vms': 507.03515625} 
{'name': 'at-spi-bus-launcher', 'username': 'arjun', 'pid': 1843, 'vms': 302.375} 
{'name': 'dbus-daemon', 'username': 'arjun', 'pid': 1849, 'vms': 8.36328125} 
{'name': 'gnome-shell', 'username': 'arjun', 'pid': 1853, 'vms': 5761.6796875} 
{'name': 'gvfs-udisks2-volume-monitor', 'username': 'arjun', 'pid': 1869, 'vms': 380.74609375} 
{'name': 'gvfs-gphoto2-volume-monitor', 'username': 'arjun', 'pid': 1875, 'vms': 231.9765625} 
{'name': 'gvfs-goa-volume-monitor', 'username': 'arjun', 'pid': 1879, 'vms': 231.0859375} 
{'name': 'goa-daemon', 'username': 'arjun', 'pid': 1883, 'vms': 564.7734375} 
{'name': 'goa-identity-service', 'username': 'arjun', 'pid': 1894, 'vms': 330.46875} 
{'name': 'gvfs-mtp-volume-monitor', 'username': 'arjun', 'pid': 1896, 'vms': 231.51953125} 
{'name': 'gvfs-afc-volume-monitor', 'username': 'arjun', 'pid': 1904, 'vms': 307.81640625} 
{'name': 'krfcommd', 'username': 'root', 'pid': 1932, 'vms': 0.0} 
{'name': 'snapd-desktop-integration', 'username': 'arjun', 'pid': 1962, 'vms': 38.0390625} 
{'name': 'gnome-shell-calendar-server', 'username': 'arjun', 'pid': 2018, 'vms': 569.0234375} 
{'name': 'evolution-source-registry', 'username': 'arjun', 'pid': 2028, 'vms': 1046.99609375} 
{'name': 'snapd-desktop-integration', 'username': 'arjun', 'pid': 2029, 'vms': 421.64453125} 
{'name': 'evolution-calendar-factory', 'username': 'arjun', 'pid': 2052, 'vms': 1284.76953125} 
{'name': 'dconf-service', 'username': 'arjun', 'pid': 2060, 'vms': 153.51953125} 
{'name': 'evolution-addressbook-factory', 'username': 'arjun', 'pid': 2064, 'vms': 664.48828125} 
{'name': 'gvfsd-trash', 'username': 'arjun', 'pid': 2077, 'vms': 308.4609375} 
{'name': 'gjs', 'username': 'arjun', 'pid': 2094, 'vms': 2934.578125} 
{'name': 'at-spi2-registryd', 'username': 'arjun', 'pid': 2096, 'vms': 158.87109375} 
{'name': 'sh', 'username': 'arjun', 'pid': 2112, 'vms': 2.82421875} 
{'name': 'gsd-a11y-settings', 'username': 'arjun', 'pid': 2113, 'vms': 303.15625} 
{'name': 'ibus-daemon', 'username': 'arjun', 'pid': 2115, 'vms': 379.9140625} 
{'name': 'gsd-color', 'username': 'arjun', 'pid': 2116, 'vms': 451.84765625} 
{'name': 'gsd-datetime', 'username': 'arjun', 'pid': 2119, 'vms': 366.67578125} 
{'name': 'gsd-housekeeping', 'username': 'arjun', 'pid': 2121, 'vms': 304.8828125} 
{'name': 'gsd-keyboard', 'username': 'arjun', 'pid': 2126, 'vms': 332.60546875} 
{'name': 'gsd-media-keys', 'username': 'arjun', 'pid': 2129, 'vms': 771.953125} 
{'name': 'gsd-power', 'username': 'arjun', 'pid': 2131, 'vms': 698.80859375} 
{'name': 'gsd-print-notifications', 'username': 'arjun', 'pid': 2133, 'vms': 244.0} 
{'name': 'gsd-rfkill', 'username': 'arjun', 'pid': 2135, 'vms': 447.125} 
{'name': 'gsd-screensaver-proxy', 'username': 'arjun', 'pid': 2136, 'vms': 230.75} 
{'name': 'gsd-sharing', 'username': 'arjun', 'pid': 2137, 'vms': 455.02734375} 
{'name': 'gsd-smartcard', 'username': 'arjun', 'pid': 2140, 'vms': 304.9921875} 
{'name': 'gsd-sound', 'username': 'arjun', 'pid': 2142, 'vms': 311.86328125} 
{'name': 'gsd-wacom', 'username': 'arjun', 'pid': 2143, 'vms': 333.1796875} 
{'name': 'evolution-alarm-notify', 'username': 'arjun', 'pid': 2205, 'vms': 799.69140625} 
{'name': 'gsd-disk-utility-notify', 'username': 'arjun', 'pid': 2210, 'vms': 226.82421875} 
{'name': 'ibus-dconf', 'username': 'arjun', 'pid': 2240, 'vms': 231.7578125} 
{'name': 'ibus-extension-gtk3', 'username': 'arjun', 'pid': 2241, 'vms': 339.67578125} 
{'name': 'ibus-portal', 'username': 'arjun', 'pid': 2246, 'vms': 231.82421875} 
{'name': 'gsd-printer', 'username': 'arjun', 'pid': 2250, 'vms': 334.33203125} 
{'name': 'snap-store', 'username': 'arjun', 'pid': 2259, 'vms': 1086.4921875} 
{'name': 'ibus-engine-simple', 'username': 'arjun', 'pid': 2309, 'vms': 159.6484375} 
{'name': 'xdg-desktop-portal', 'username': 'arjun', 'pid': 2331, 'vms': 737.16796875} 
{'name': 'xdg-desktop-portal-gnome', 'username': 'arjun', 'pid': 2336, 'vms': 583.46484375} 
{'name': 'gjs', 'username': 'arjun', 'pid': 2382, 'vms': 2934.5625} 
{'name': 'xdg-desktop-portal-gtk', 'username': 'arjun', 'pid': 2457, 'vms': 336.42578125} 
{'name': 'gvfsd-metadata', 'username': 'arjun', 'pid': 2519, 'vms': 159.734375} 
{'name': 'Xwayland', 'username': 'arjun', 'pid': 2594, 'vms': 1149.2109375} 
{'name': 'gsd-xsettings', 'username': 'arjun', 'pid': 2621, 'vms': 1237.94140625} 
{'name': 'ibus-x11', 'username': 'arjun', 'pid': 2655, 'vms': 189.62890625} 
{'name': 'update-notifier', 'username': 'arjun', 'pid': 2996, 'vms': 482.51953125} 
{'name': 'gnome-terminal', 'username': 'arjun', 'pid': 3217, 'vms': 35.11328125} 
{'name': 'gnome-terminal.real', 'username': 'arjun', 'pid': 3220, 'vms': 374.19140625} 
{'name': 'gnome-terminal-server', 'username': 'arjun', 'pid': 3225, 'vms': 543.3125} 
{'name': 'bash', 'username': 'arjun', 'pid': 3251, 'vms': 13.8671875} 
{'name': 'gvfsd-network', 'username': 'arjun', 'pid': 3321, 'vms': 379.625} 
{'name': 'gvfsd-dnssd', 'username': 'arjun', 'pid': 3337, 'vms': 309.3984375} 
{'name': 'snap', 'username': 'arjun', 'pid': 4996, 'vms': 1930.84765625} 
{'name': 'uas', 'username': 'root', 'pid': 7833, 'vms': 0.0} 
{'name': 'nautilus', 'username': 'arjun', 'pid': 7979, 'vms': 1006.47265625} 
{'name': 'obexd', 'username': 'arjun', 'pid': 8133, 'vms': 45.859375} 
{'name': 'kworker/2:3-events', 'username': 'root', 'pid': 9785, 'vms': 0.0} 
{'name': 'scsi_eh_2', 'username': 'root', 'pid': 9994, 'vms': 0.0} 
{'name': 'scsi_tmf_2', 'username': 'root', 'pid': 9995, 'vms': 0.0} 
{'name': 'usb-storage', 'username': 'root', 'pid': 9996, 'vms': 0.0} 
{'name': 'irq/127-mei_me', 'username': 'root', 'pid': 10792, 'vms': 0.0} 
{'name': 'chrome', 'username': 'arjun', 'pid': 11161, 'vms': 33427.76171875} 
{'name': 'cat', 'username': 'arjun', 'pid': 11167, 'vms': 8.3125} 
{'name': 'cat', 'username': 'arjun', 'pid': 11168, 'vms': 8.3125} 
{'name': 'chrome_crashpad_handler', 'username': 'arjun', 'pid': 11170, 'vms': 32789.9453125} 
{'name': 'chrome_crashpad_handler', 'username': 'arjun', 'pid': 11172, 'vms': 32780.92578125} 
{'name': 'chrome', 'username': 'arjun', 'pid': 11178, 'vms': 33127.61328125} 
{'name': 'chrome', 'username': 'arjun', 'pid': 11179, 'vms': 33127.60546875} 
{'name': 'chrome', 'username': 'arjun', 'pid': 11181, 'vms': 33127.625} 
{'name': 'chrome', 'username': 'arjun', 'pid': 11206, 'vms': 33613.56640625} 
{'name': 'chrome', 'username': 'arjun', 'pid': 11207, 'vms': 33183.73828125} 
{'name': 'chrome', 'username': 'arjun', 'pid': 11217, 'vms': 33184.91796875} 
{'name': 'chrome', 'username': 'arjun', 'pid': 11368, 'vms': 1160522.50390625} 
{'name': 'chrome', 'username': 'arjun', 'pid': 11778, 'vms': 33375.265625} 
{'name': 'kworker/9:0-events', 'username': 'root', 'pid': 14881, 'vms': 0.0} 
{'name': 'kworker/6:3', 'username': 'root', 'pid': 14904, 'vms': 0.0} 
{'name': 'kworker/4:2-mm_percpu_wq', 'username': 'root', 'pid': 15090, 'vms': 0.0} 
{'name': 'code', 'username': 'arjun', 'pid': 15092, 'vms': 1150232.76953125} 
{'name': 'code', 'username': 'arjun', 'pid': 15097, 'vms': 32978.5703125} 
{'name': 'code', 'username': 'arjun', 'pid': 15098, 'vms': 32978.55859375} 
{'name': 'code', 'username': 'arjun', 'pid': 15100, 'vms': 32978.58203125} 
{'name': 'chrome_crashpad_handler', 'username': 'arjun', 'pid': 15114, 'vms': 32788.9453125} 
{'name': 'code', 'username': 'arjun', 'pid': 15130, 'vms': 33474.71875} 
{'name': 'code', 'username': 'arjun', 'pid': 15136, 'vms': 33043.1484375} 
{'name': 'code', 'username': 'arjun', 'pid': 15149, 'vms': 1162144.3671875} 
{'name': 'kworker/0:0-events_freezable', 'username': 'root', 'pid': 15200, 'vms': 0.0} 
{'name': 'code', 'username': 'arjun', 'pid': 15242, 'vms': 1149756.6171875} 
{'name': 'code', 'username': 'arjun', 'pid': 15254, 'vms': 1149755.18359375} 
{'name': 'code', 'username': 'arjun', 'pid': 15255, 'vms': 1149771.7421875} 
{'name': 'vlc', 'username': 'arjun', 'pid': 15350, 'vms': 2610.98828125} 
{'name': 'kworker/7:1-events', 'username': 'root', 'pid': 15506, 'vms': 0.0} 
{'name': 'kworker/3:0-i915-unordered', 'username': 'root', 'pid': 15546, 'vms': 0.0} 
{'name': 'kworker/5:2-mm_percpu_wq', 'username': 'root', 'pid': 15556, 'vms': 0.0} 
{'name': 'gjs', 'username': 'arjun', 'pid': 15574, 'vms': 3058.7109375} 
{'name': 'kworker/u24:2-ext4-rsv-conversion', 'username': 'root', 'pid': 16232, 'vms': 0.0} 
{'name': 'kworker/8:0-mm_percpu_wq', 'username': 'root', 'pid': 16584, 'vms': 0.0} 
{'name': 'kworker/11:1-events', 'username': 'root', 'pid': 16861, 'vms': 0.0} 
{'name': 'kworker/3:2-events', 'username': 'root', 'pid': 16913, 'vms': 0.0} 
{'name': 'kworker/u24:1-events_power_efficient', 'username': 'root', 'pid': 17000, 'vms': 0.0} 
{'name': 'kworker/1:2', 'username': 'root', 'pid': 17040, 'vms': 0.0} 
{'name': 'kworker/u25:2-i915_flip', 'username': 'root', 'pid': 17054, 'vms': 0.0} 
{'name': 'kworker/0:1', 'username': 'root', 'pid': 17075, 'vms': 0.0} 
{'name': 'chrome', 'username': 'arjun', 'pid': 17122, 'vms': 1160480.5546875} 
{'name': 'chrome', 'username': 'arjun', 'pid': 17133, 'vms': 1158837.12109375} 
{'name': 'kworker/10:0', 'username': 'root', 'pid': 17151, 'vms': 0.0} 
{'name': 'chrome', 'username': 'arjun', 'pid': 17160, 'vms': 1158772.7109375} 
{'name': 'kworker/2:1', 'username': 'root', 'pid': 17180, 'vms': 0.0} 
{'name': 'kworker/7:0', 'username': 'root', 'pid': 17181, 'vms': 0.0} 
{'name': 'kworker/u24:0-flush-8:16', 'username': 'root', 'pid': 17280, 'vms': 0.0} 
{'name': 'kworker/9:1-events', 'username': 'root', 'pid': 17396, 'vms': 0.0} 
{'name': 'kworker/u25:0-rb_allocator', 'username': 'root', 'pid': 17466, 'vms': 0.0} 
{'name': 'kworker/4:0', 'username': 'root', 'pid': 17467, 'vms': 0.0} 
{'name': 'kworker/11:2-events', 'username': 'root', 'pid': 17470, 'vms': 0.0} 
{'name': 'kworker/8:1-events', 'username': 'root', 'pid': 17472, 'vms': 0.0} 
{'name': 'kworker/6:0-events', 'username': 'root', 'pid': 17493, 'vms': 0.0} 
{'name': 'kworker/10:1-events', 'username': 'root', 'pid': 17497, 'vms': 0.0} 
{'name': 'kworker/5:1', 'username': 'root', 'pid': 17501, 'vms': 0.0} 
{'name': 'kworker/8:2', 'username': 'root', 'pid': 17505, 'vms': 0.0} 
{'name': 'kworker/11:0-events', 'username': 'root', 'pid': 17509, 'vms': 0.0} 
{'name': 'kworker/10:2-i915-unordered', 'username': 'root', 'pid': 17510, 'vms': 0.0} 
{'name': 'kworker/u25:1-rb_allocator', 'username': 'root', 'pid': 17512, 'vms': 0.0} 
{'name': 'kworker/u24:3-events_power_efficient', 'username': 'root', 'pid': 17531, 'vms': 0.0} 
{'name': 'python3', 'username': 'arjun', 'pid': 17543, 'vms': 23.3046875} 
----------------------------------------------------------------------
